#
# A fatal error has been detected by the Java Runtime Environment:
#
#  Internal Error (classFileParser.cpp:3494), pid=3345, tid=3077700416
#  Error: ShouldNotReachHere()
#
# JRE version: 6.0_27-b27
# Java VM: OpenJDK Server VM (20.0-b12 mixed mode linux-x86 )
# Derivative: IcedTea6 1.12.6
# Distribution: Ubuntu 12.04 LTS, package 6b27-1.12.6-1ubuntu0.12.04.2
# If you would like to submit a bug report, please include
# instructions how to reproduce the bug and visit:
#   https://bugs.launchpad.net/ubuntu/+source/openjdk-6/
#

---------------  T H R E A D  ---------------

Current thread (0xb7505800):  JavaThread "Unknown thread" [_thread_in_vm, id=3347, stack(0xb76cf000,0xb7720000)]

Stack: [0xb76cf000,0xb7720000]
[error occurred during error reporting (printing stack bounds), id 0xb]


[error occurred during error reporting (printing native stack), id 0xb]


---------------  P R O C E S S  ---------------

Java Threads: ( => current thread )

Other Threads:

=>0xb7505800 (exited) JavaThread "Unknown thread" [_thread_in_vm, id=3347, stack(0xb76cf000,0xb7720000)]

VM state:not at safepoint (not fully initialized)

VM Mutex/Monitor currently owned by a thread: None

Dynamic libraries:
00110000-001e8000 r-xp 00000000 08:01 7340385    /usr/lib/i386-linux-gnu/libstdc++.so.6.0.16
001e8000-001e9000 ---p 000d8000 08:01 7340385    /usr/lib/i386-linux-gnu/libstdc++.so.6.0.16
001e9000-001ed000 r--p 000d8000 08:01 7340385    /usr/lib/i386-linux-gnu/libstdc++.so.6.0.16
001ed000-001ee000 rw-p 000dc000 08:01 7340385    /usr/lib/i386-linux-gnu/libstdc++.so.6.0.16
001ee000-001f5000 rw-p 00000000 00:00 0 
001f5000-0021f000 r-xp 00000000 08:01 7083441    /lib/i386-linux-gnu/libm-2.15.so
0021f000-00220000 r--p 00029000 08:01 7083441    /lib/i386-linux-gnu/libm-2.15.so
00220000-00221000 rw-p 0002a000 08:01 7083441    /lib/i386-linux-gnu/libm-2.15.so
00221000-00228000 r-xp 00000000 08:01 7083437    /lib/i386-linux-gnu/librt-2.15.so
00228000-00229000 r--p 00006000 08:01 7083437    /lib/i386-linux-gnu/librt-2.15.so
00229000-0022a000 rw-p 00007000 08:01 7083437    /lib/i386-linux-gnu/librt-2.15.so
0022a000-00235000 r-xp 00000000 08:01 7348148    /usr/lib/jvm/java-6-openjdk-i386/jre/lib/i386/libverify.so
00235000-00236000 ---p 0000b000 08:01 7348148    /usr/lib/jvm/java-6-openjdk-i386/jre/lib/i386/libverify.so
00236000-00237000 r--p 0000b000 08:01 7348148    /usr/lib/jvm/java-6-openjdk-i386/jre/lib/i386/libverify.so
00237000-00238000 rw-p 0000c000 08:01 7348148    /usr/lib/jvm/java-6-openjdk-i386/jre/lib/i386/libverify.so
00238000-0024e000 r-xp 00000000 08:01 7083450    /lib/i386-linux-gnu/libnsl-2.15.so
0024e000-0024f000 r--p 00015000 08:01 7083450    /lib/i386-linux-gnu/libnsl-2.15.so
0024f000-00250000 rw-p 00016000 08:01 7083450    /lib/i386-linux-gnu/libnsl-2.15.so
00250000-00252000 rw-p 00000000 00:00 0 
00252000-0025c000 r-xp 00000000 08:01 7083438    /lib/i386-linux-gnu/libnss_nis-2.15.so
0025c000-0025d000 r--p 00009000 08:01 7083438    /lib/i386-linux-gnu/libnss_nis-2.15.so
0025d000-0025e000 rw-p 0000a000 08:01 7083438    /lib/i386-linux-gnu/libnss_nis-2.15.so
0025e000-00265000 r-xp 00000000 08:01 7348133    /usr/lib/jvm/java-6-openjdk-i386/jre/lib/i386/libzip.so
00265000-00266000 r--p 00006000 08:01 7348133    /usr/lib/jvm/java-6-openjdk-i386/jre/lib/i386/libzip.so
00266000-00267000 rw-p 00007000 08:01 7348133    /usr/lib/jvm/java-6-openjdk-i386/jre/lib/i386/libzip.so
00297000-0029a000 r-xp 00000000 08:01 7083445    /lib/i386-linux-gnu/libdl-2.15.so
0029a000-0029b000 r--p 00002000 08:01 7083445    /lib/i386-linux-gnu/libdl-2.15.so
0029b000-0029c000 rw-p 00003000 08:01 7083445    /lib/i386-linux-gnu/libdl-2.15.so
005b5000-005b6000 r-xp 00000000 00:00 0          [vdso]
005e0000-00600000 r-xp 00000000 08:01 7083442    /lib/i386-linux-gnu/ld-2.15.so
00600000-00601000 r--p 0001f000 08:01 7083442    /lib/i386-linux-gnu/ld-2.15.so
00601000-00602000 rw-p 00020000 08:01 7083442    /lib/i386-linux-gnu/ld-2.15.so
00648000-0064f000 r-xp 00000000 08:01 7081907    /lib/i386-linux-gnu/libnss_compat-2.15.so
0064f000-00650000 r--p 00006000 08:01 7081907    /lib/i386-linux-gnu/libnss_compat-2.15.so
00650000-00651000 rw-p 00007000 08:01 7081907    /lib/i386-linux-gnu/libnss_compat-2.15.so
00738000-00754000 r-xp 00000000 08:01 7078614    /lib/i386-linux-gnu/libgcc_s.so.1
00754000-00755000 r--p 0001b000 08:01 7078614    /lib/i386-linux-gnu/libgcc_s.so.1
00755000-00756000 rw-p 0001c000 08:01 7078614    /lib/i386-linux-gnu/libgcc_s.so.1
007bb000-0095e000 r-xp 00000000 08:01 7077995    /lib/i386-linux-gnu/libc-2.15.so
0095e000-00960000 r--p 001a3000 08:01 7077995    /lib/i386-linux-gnu/libc-2.15.so
00960000-00961000 rw-p 001a5000 08:01 7077995    /lib/i386-linux-gnu/libc-2.15.so
00961000-00964000 rw-p 00000000 00:00 0 
009c6000-009ec000 r-xp 00000000 08:01 7347855    /usr/lib/jvm/java-6-openjdk-i386/jre/lib/i386/libjava.so
009ec000-009ed000 r--p 00025000 08:01 7347855    /usr/lib/jvm/java-6-openjdk-i386/jre/lib/i386/libjava.so
009ed000-009ef000 rw-p 00026000 08:01 7347855    /usr/lib/jvm/java-6-openjdk-i386/jre/lib/i386/libjava.so
00c12000-00c26000 r-xp 00000000 08:01 7078600    /lib/i386-linux-gnu/libz.so.1.2.3.4
00c26000-00c27000 r--p 00013000 08:01 7078600    /lib/i386-linux-gnu/libz.so.1.2.3.4
00c27000-00c28000 rw-p 00014000 08:01 7078600    /lib/i386-linux-gnu/libz.so.1.2.3.4
00cbc000-00cc7000 r-xp 00000000 08:01 7082977    /lib/i386-linux-gnu/libnss_files-2.15.so
00cc7000-00cc8000 r--p 0000a000 08:01 7082977    /lib/i386-linux-gnu/libnss_files-2.15.so
00cc8000-00cc9000 rw-p 0000b000 08:01 7082977    /lib/i386-linux-gnu/libnss_files-2.15.so
00f52000-00f69000 r-xp 00000000 08:01 7083439    /lib/i386-linux-gnu/libpthread-2.15.so
00f69000-00f6a000 r--p 00016000 08:01 7083439    /lib/i386-linux-gnu/libpthread-2.15.so
00f6a000-00f6b000 rw-p 00017000 08:01 7083439    /lib/i386-linux-gnu/libpthread-2.15.so
00f6b000-00f6d000 rw-p 00000000 00:00 0 
00f6d000-00f71000 r-xp 00000000 08:01 7348132    /usr/lib/jvm/java-6-openjdk-i386/jre/lib/i386/jli/libjli.so
00f71000-00f72000 r--p 00003000 08:01 7348132    /usr/lib/jvm/java-6-openjdk-i386/jre/lib/i386/jli/libjli.so
00f72000-00f73000 rw-p 00004000 08:01 7348132    /usr/lib/jvm/java-6-openjdk-i386/jre/lib/i386/jli/libjli.so
00f73000-01793000 r-xp 00000000 08:01 7347801    /usr/lib/jvm/java-6-openjdk-i386/jre/lib/i386/server/libjvm.so
01793000-017d8000 r--p 0081f000 08:01 7347801    /usr/lib/jvm/java-6-openjdk-i386/jre/lib/i386/server/libjvm.so
017d8000-017e7000 rw-p 00864000 08:01 7347801    /usr/lib/jvm/java-6-openjdk-i386/jre/lib/i386/server/libjvm.so
017e7000-01c01000 rw-p 00000000 00:00 0 
08048000-08051000 r-xp 00000000 08:01 7341770    /usr/lib/jvm/java-6-openjdk-i386/jre/bin/java
08051000-08052000 r--p 00008000 08:01 7341770    /usr/lib/jvm/java-6-openjdk-i386/jre/bin/java
08052000-08053000 rw-p 00009000 08:01 7341770    /usr/lib/jvm/java-6-openjdk-i386/jre/bin/java
08a72000-08a93000 rw-p 00000000 00:00 0          [heap]
7d200000-7d221000 rw-p 00000000 00:00 0 
7d221000-7d300000 ---p 00000000 00:00 0 
7d336000-7d400000 r--s 011ad000 00:14 8670984    /home/shane/bin/android-sdk-linux/platforms/android-18/android.jar
7d400000-7d421000 rw-p 00000000 00:00 0 
7d421000-7d500000 ---p 00000000 00:00 0 
7d50d000-7d50e000 ---p 00000000 00:00 0 
7d50e000-7d58e000 rw-p 00000000 00:00 0 
7d58e000-7d58f000 ---p 00000000 00:00 0 
7d58f000-7d617000 rw-p 00000000 00:00 0 
7d617000-7d64f000 rw-p 00000000 00:00 0 
7d64f000-7d65f000 rw-p 00000000 00:00 0 
7d65f000-7d749000 rw-p 00000000 00:00 0 
7d749000-7d751000 rw-p 00000000 00:00 0 
7d751000-7d789000 rw-p 00000000 00:00 0 
7d789000-7d799000 rw-p 00000000 00:00 0 
7d799000-7d882000 rw-p 00000000 00:00 0 
7d882000-7d88b000 rw-p 00000000 00:00 0 
7d88b000-7d8ff000 rw-p 00000000 00:00 0 
7d8ff000-7e900000 rw-p 00000000 00:00 0 
7e900000-85900000 rw-p 00000000 00:00 0 
85900000-87830000 rw-p 00000000 00:00 0 
87830000-a4bb0000 rw-p 00000000 00:00 0 
a4bb0000-a5b40000 rw-p 00000000 00:00 0 
a5b40000-b4500000 rw-p 00000000 00:00 0 
b4500000-b4740000 rwxp 00000000 00:00 0 
b4740000-b7562000 rw-p 00000000 00:00 0 
b7562000-b7600000 ---p 00000000 00:00 0 
b760f000-b7618000 rw-p 00000000 00:00 0 
b7618000-b76cf000 rw-p 00000000 00:00 0 
b76cf000-b76d2000 ---p 00000000 00:00 0 
b76d2000-b7723000 rw-p 00000000 00:00 0 
b772b000-b7733000 rw-s 00000000 08:01 2490417    /tmp/hsperfdata_shane/3345
b7733000-b7734000 rw-p 00000000 00:00 0 
b7734000-b7735000 r--p 00000000 00:00 0 
b7735000-b7737000 rw-p 00000000 00:00 0 
bf801000-bf822000 rw-p 00000000 00:00 0          [stack]

VM Arguments:
jvm_args: -Dfile.encoding=UTF-8 -Xbootclasspath:/home/shane/bin/android-sdk-linux/platforms/android-18/android.jar 
java_command: org.eclipse.jdt.internal.junit.runner.RemoteTestRunner -version 3 -port 52037 -testLoaderClass org.eclipse.jdt.internal.junit4.runner.JUnit4TestLoader -loaderpluginname org.eclipse.jdt.junit4.runtime -classNames com.shanegenschaw.cervesacountdown.TimerTest
Launcher Type: SUN_STANDARD

Environment Variables:
PATH=/home/shane/bin:/usr/lib/lightdm/lightdm:/usr/local/sbin:/usr/local/bin:/usr/sbin:/usr/bin:/sbin:/bin:/usr/games:/home/shane/bin/android-sdk-linux/platform-tools
LD_LIBRARY_PATH=/usr/lib/jvm/java-6-openjdk-i386/jre/lib/i386/server:/usr/lib/jvm/java-6-openjdk-i386/jre/lib/i386:/usr/lib/jvm/java-6-openjdk-i386/jre/../lib/i386:/usr/lib/jvm/java-6-openjdk-i386/jre/lib/i386/client:/usr/lib/jvm/java-6-openjdk-i386/jre/lib/i386:
SHELL=/bin/bash
DISPLAY=:0.0

Signal Handlers:
SIGSEGV: [libjvm.so+0x66e730], sa_mask[0]=0x7ffbfeff, sa_flags=0x10000004
SIGBUS: [libjvm.so+0x66e730], sa_mask[0]=0x7ffbfeff, sa_flags=0x10000004
SIGFPE: [libjvm.so+0x530470], sa_mask[0]=0x7ffbfeff, sa_flags=0x10000004
SIGPIPE: [libjvm.so+0x530470], sa_mask[0]=0x7ffbfeff, sa_flags=0x10000004
SIGXFSZ: [libjvm.so+0x530470], sa_mask[0]=0x7ffbfeff, sa_flags=0x10000004
SIGILL: [libjvm.so+0x530470], sa_mask[0]=0x7ffbfeff, sa_flags=0x10000004
SIGUSR1: SIG_DFL, sa_mask[0]=0x00000000, sa_flags=0x00000000
SIGUSR2: [libjvm.so+0x530300], sa_mask[0]=0x00000004, sa_flags=0x10000004
SIGHUP: SIG_DFL, sa_mask[0]=0x00000000, sa_flags=0x00000000
SIGINT: SIG_DFL, sa_mask[0]=0x00000000, sa_flags=0x00000000
SIGTERM: SIG_DFL, sa_mask[0]=0x00000000, sa_flags=0x00000000
SIGQUIT: SIG_DFL, sa_mask[0]=0x00000000, sa_flags=0x00000000


---------------  S Y S T E M  ---------------

OS:Ubuntu 12.04 (precise)
uname:Linux 3.2.0-51-generic #77-Ubuntu SMP Wed Jul 24 20:21:10 UTC 2013 i686
libc:glibc 2.15 NPTL 2.15 
rlimit: STACK 8192k, CORE 0k, NPROC 23750, NOFILE 4096, AS infinity
load average:1.62 1.11 1.11

/proc/meminfo:
MemTotal:        3060392 kB
MemFree:          196452 kB
Buffers:           43548 kB
Cached:          1298616 kB
SwapCached:            8 kB
Active:          1804044 kB
Inactive:         926704 kB
Active(anon):    1210768 kB
Inactive(anon):   373248 kB
Active(file):     593276 kB
Inactive(file):   553456 kB
Unevictable:          36 kB
Mlocked:              36 kB
HighTotal:       2198276 kB
HighFree:          33112 kB
LowTotal:         862116 kB
LowFree:          163340 kB
SwapTotal:       3105788 kB
SwapFree:        3105696 kB
Dirty:             16668 kB
Writeback:             0 kB
AnonPages:       1388812 kB
Mapped:           201548 kB
Shmem:            195268 kB
Slab:              98860 kB
SReclaimable:      54868 kB
SUnreclaim:        43992 kB
KernelStack:        4120 kB
PageTables:        13340 kB
NFS_Unstable:          0 kB
Bounce:                0 kB
WritebackTmp:          0 kB
CommitLimit:     4635984 kB
Committed_AS:    7269388 kB
VmallocTotal:     122880 kB
VmallocUsed:       18448 kB
VmallocChunk:     102968 kB
HardwareCorrupted:     0 kB
AnonHugePages:         0 kB
HugePages_Total:       0
HugePages_Free:        0
HugePages_Rsvd:        0
HugePages_Surp:        0
Hugepagesize:       4096 kB
DirectMap4k:       16376 kB
DirectMap4M:      892928 kB


CPU:total 2 (2 cores per cpu, 1 threads per core) family 6 model 23 stepping 10, cmov, cx8, fxsr, mmx, sse, sse2, sse3, ssse3, sse4.1

Memory: 4k page, physical 3060392k(196452k free), swap 3105788k(3105696k free)

vm_info: OpenJDK Server VM (20.0-b12) for linux-x86 JRE (1.6.0_27-b27), built on Jul 17 2013 13:43:50 by "buildd" with gcc 4.6.3

time: Wed Aug 21 11:25:26 2013
elapsed time: 0 seconds

