#
# A fatal error has been detected by the Java Runtime Environment:
#
#  Internal Error (classFileParser.cpp:3494), pid=3267, tid=3078114112
#  Error: ShouldNotReachHere()
#
# JRE version: 6.0_27-b27
# Java VM: OpenJDK Server VM (20.0-b12 mixed mode linux-x86 )
# Derivative: IcedTea6 1.12.6
# Distribution: Ubuntu 12.04 LTS, package 6b27-1.12.6-1ubuntu0.12.04.2
# If you would like to submit a bug report, please include
# instructions how to reproduce the bug and visit:
#   https://bugs.launchpad.net/ubuntu/+source/openjdk-6/
#

---------------  T H R E A D  ---------------

Current thread (0xb7607000):  JavaThread "Unknown thread" [_thread_in_vm, id=3272, stack(0xb7734000,0xb7785000)]

Stack: [0xb7734000,0xb7785000]
[error occurred during error reporting (printing stack bounds), id 0xb]


[error occurred during error reporting (printing native stack), id 0xb]


---------------  P R O C E S S  ---------------

Java Threads: ( => current thread )

Other Threads:

=>0xb7607000 (exited) JavaThread "Unknown thread" [_thread_in_vm, id=3272, stack(0xb7734000,0xb7785000)]

VM state:not at safepoint (not fully initialized)

VM Mutex/Monitor currently owned by a thread: None

Dynamic libraries:
00110000-0012c000 r-xp 00000000 08:01 7078614    /lib/i386-linux-gnu/libgcc_s.so.1
0012c000-0012d000 r--p 0001b000 08:01 7078614    /lib/i386-linux-gnu/libgcc_s.so.1
0012d000-0012e000 rw-p 0001c000 08:01 7078614    /lib/i386-linux-gnu/libgcc_s.so.1
0012e000-00139000 r-xp 00000000 08:01 7348148    /usr/lib/jvm/java-6-openjdk-i386/jre/lib/i386/libverify.so
00139000-0013a000 ---p 0000b000 08:01 7348148    /usr/lib/jvm/java-6-openjdk-i386/jre/lib/i386/libverify.so
0013a000-0013b000 r--p 0000b000 08:01 7348148    /usr/lib/jvm/java-6-openjdk-i386/jre/lib/i386/libverify.so
0013b000-0013c000 rw-p 0000c000 08:01 7348148    /usr/lib/jvm/java-6-openjdk-i386/jre/lib/i386/libverify.so
0013c000-0013f000 r-xp 00000000 08:01 7348145    /usr/lib/jvm/java-6-openjdk-i386/jre/lib/i386/libnpt.so
0013f000-00140000 r--p 00002000 08:01 7348145    /usr/lib/jvm/java-6-openjdk-i386/jre/lib/i386/libnpt.so
00140000-00141000 rw-p 00003000 08:01 7348145    /usr/lib/jvm/java-6-openjdk-i386/jre/lib/i386/libnpt.so
00141000-0014c000 r-xp 00000000 08:01 7082977    /lib/i386-linux-gnu/libnss_files-2.15.so
0014c000-0014d000 r--p 0000a000 08:01 7082977    /lib/i386-linux-gnu/libnss_files-2.15.so
0014d000-0014e000 rw-p 0000b000 08:01 7082977    /lib/i386-linux-gnu/libnss_files-2.15.so
00161000-00181000 r-xp 00000000 08:01 7083442    /lib/i386-linux-gnu/ld-2.15.so
00181000-00182000 r--p 0001f000 08:01 7083442    /lib/i386-linux-gnu/ld-2.15.so
00182000-00183000 rw-p 00020000 08:01 7083442    /lib/i386-linux-gnu/ld-2.15.so
001c1000-001c8000 r-xp 00000000 08:01 7348133    /usr/lib/jvm/java-6-openjdk-i386/jre/lib/i386/libzip.so
001c8000-001c9000 r--p 00006000 08:01 7348133    /usr/lib/jvm/java-6-openjdk-i386/jre/lib/i386/libzip.so
001c9000-001ca000 rw-p 00007000 08:01 7348133    /usr/lib/jvm/java-6-openjdk-i386/jre/lib/i386/libzip.so
00204000-00218000 r-xp 00000000 08:01 7078600    /lib/i386-linux-gnu/libz.so.1.2.3.4
00218000-00219000 r--p 00013000 08:01 7078600    /lib/i386-linux-gnu/libz.so.1.2.3.4
00219000-0021a000 rw-p 00014000 08:01 7078600    /lib/i386-linux-gnu/libz.so.1.2.3.4
0026d000-00293000 r-xp 00000000 08:01 7347855    /usr/lib/jvm/java-6-openjdk-i386/jre/lib/i386/libjava.so
00293000-00294000 r--p 00025000 08:01 7347855    /usr/lib/jvm/java-6-openjdk-i386/jre/lib/i386/libjava.so
00294000-00296000 rw-p 00026000 08:01 7347855    /usr/lib/jvm/java-6-openjdk-i386/jre/lib/i386/libjava.so
002b7000-002ce000 r-xp 00000000 08:01 7083439    /lib/i386-linux-gnu/libpthread-2.15.so
002ce000-002cf000 r--p 00016000 08:01 7083439    /lib/i386-linux-gnu/libpthread-2.15.so
002cf000-002d0000 rw-p 00017000 08:01 7083439    /lib/i386-linux-gnu/libpthread-2.15.so
002d0000-002d2000 rw-p 00000000 00:00 0 
002d2000-003aa000 r-xp 00000000 08:01 7340385    /usr/lib/i386-linux-gnu/libstdc++.so.6.0.16
003aa000-003ab000 ---p 000d8000 08:01 7340385    /usr/lib/i386-linux-gnu/libstdc++.so.6.0.16
003ab000-003af000 r--p 000d8000 08:01 7340385    /usr/lib/i386-linux-gnu/libstdc++.so.6.0.16
003af000-003b0000 rw-p 000dc000 08:01 7340385    /usr/lib/i386-linux-gnu/libstdc++.so.6.0.16
003b0000-003b7000 rw-p 00000000 00:00 0 
00410000-00417000 r-xp 00000000 08:01 7083437    /lib/i386-linux-gnu/librt-2.15.so
00417000-00418000 r--p 00006000 08:01 7083437    /lib/i386-linux-gnu/librt-2.15.so
00418000-00419000 rw-p 00007000 08:01 7083437    /lib/i386-linux-gnu/librt-2.15.so
00436000-005d9000 r-xp 00000000 08:01 7077995    /lib/i386-linux-gnu/libc-2.15.so
005d9000-005db000 r--p 001a3000 08:01 7077995    /lib/i386-linux-gnu/libc-2.15.so
005db000-005dc000 rw-p 001a5000 08:01 7077995    /lib/i386-linux-gnu/libc-2.15.so
005dc000-005df000 rw-p 00000000 00:00 0 
00740000-0077e000 r-xp 00000000 08:01 7348143    /usr/lib/jvm/java-6-openjdk-i386/jre/lib/i386/libjdwp.so
0077e000-0077f000 r--p 0003d000 08:01 7348143    /usr/lib/jvm/java-6-openjdk-i386/jre/lib/i386/libjdwp.so
0077f000-00780000 rw-p 0003e000 08:01 7348143    /usr/lib/jvm/java-6-openjdk-i386/jre/lib/i386/libjdwp.so
00807000-0080e000 r-xp 00000000 08:01 7081907    /lib/i386-linux-gnu/libnss_compat-2.15.so
0080e000-0080f000 r--p 00006000 08:01 7081907    /lib/i386-linux-gnu/libnss_compat-2.15.so
0080f000-00810000 rw-p 00007000 08:01 7081907    /lib/i386-linux-gnu/libnss_compat-2.15.so
009ab000-009ae000 r-xp 00000000 08:01 7083445    /lib/i386-linux-gnu/libdl-2.15.so
009ae000-009af000 r--p 00002000 08:01 7083445    /lib/i386-linux-gnu/libdl-2.15.so
009af000-009b0000 rw-p 00003000 08:01 7083445    /lib/i386-linux-gnu/libdl-2.15.so
00a01000-00a0b000 r-xp 00000000 08:01 7083438    /lib/i386-linux-gnu/libnss_nis-2.15.so
00a0b000-00a0c000 r--p 00009000 08:01 7083438    /lib/i386-linux-gnu/libnss_nis-2.15.so
00a0c000-00a0d000 rw-p 0000a000 08:01 7083438    /lib/i386-linux-gnu/libnss_nis-2.15.so
00a2e000-00a44000 r-xp 00000000 08:01 7083450    /lib/i386-linux-gnu/libnsl-2.15.so
00a44000-00a45000 r--p 00015000 08:01 7083450    /lib/i386-linux-gnu/libnsl-2.15.so
00a45000-00a46000 rw-p 00016000 08:01 7083450    /lib/i386-linux-gnu/libnsl-2.15.so
00a46000-00a48000 rw-p 00000000 00:00 0 
00cb0000-00cda000 r-xp 00000000 08:01 7083441    /lib/i386-linux-gnu/libm-2.15.so
00cda000-00cdb000 r--p 00029000 08:01 7083441    /lib/i386-linux-gnu/libm-2.15.so
00cdb000-00cdc000 rw-p 0002a000 08:01 7083441    /lib/i386-linux-gnu/libm-2.15.so
00d0f000-00d10000 r-xp 00000000 00:00 0          [vdso]
00d1a000-00d1e000 r-xp 00000000 08:01 7348132    /usr/lib/jvm/java-6-openjdk-i386/jre/lib/i386/jli/libjli.so
00d1e000-00d1f000 r--p 00003000 08:01 7348132    /usr/lib/jvm/java-6-openjdk-i386/jre/lib/i386/jli/libjli.so
00d1f000-00d20000 rw-p 00004000 08:01 7348132    /usr/lib/jvm/java-6-openjdk-i386/jre/lib/i386/jli/libjli.so
00d20000-01540000 r-xp 00000000 08:01 7347801    /usr/lib/jvm/java-6-openjdk-i386/jre/lib/i386/server/libjvm.so
01540000-01585000 r--p 0081f000 08:01 7347801    /usr/lib/jvm/java-6-openjdk-i386/jre/lib/i386/server/libjvm.so
01585000-01594000 rw-p 00864000 08:01 7347801    /usr/lib/jvm/java-6-openjdk-i386/jre/lib/i386/server/libjvm.so
01594000-019ae000 rw-p 00000000 00:00 0 
08048000-08051000 r-xp 00000000 08:01 7341770    /usr/lib/jvm/java-6-openjdk-i386/jre/bin/java
08051000-08052000 r--p 00008000 08:01 7341770    /usr/lib/jvm/java-6-openjdk-i386/jre/bin/java
08052000-08053000 rw-p 00009000 08:01 7341770    /usr/lib/jvm/java-6-openjdk-i386/jre/bin/java
08264000-08285000 rw-p 00000000 00:00 0          [heap]
7d000000-7d021000 rw-p 00000000 00:00 0 
7d021000-7d100000 ---p 00000000 00:00 0 
7d136000-7d200000 r--s 011ad000 00:14 8670984    /home/shane/bin/android-sdk-linux/platforms/android-18/android.jar
7d200000-7d221000 rw-p 00000000 00:00 0 
7d221000-7d300000 ---p 00000000 00:00 0 
7d34d000-7d34e000 ---p 00000000 00:00 0 
7d34e000-7d3ce000 rw-p 00000000 00:00 0 
7d3ce000-7d3cf000 ---p 00000000 00:00 0 
7d3cf000-7d457000 rw-p 00000000 00:00 0 
7d457000-7d48f000 rw-p 00000000 00:00 0 
7d48f000-7d49f000 rw-p 00000000 00:00 0 
7d49f000-7d589000 rw-p 00000000 00:00 0 
7d589000-7d591000 rw-p 00000000 00:00 0 
7d591000-7d5c9000 rw-p 00000000 00:00 0 
7d5c9000-7d5d9000 rw-p 00000000 00:00 0 
7d5d9000-7d6c2000 rw-p 00000000 00:00 0 
7d6c2000-7d6cb000 rw-p 00000000 00:00 0 
7d6cb000-7d73f000 rw-p 00000000 00:00 0 
7d73f000-7e740000 rw-p 00000000 00:00 0 
7e740000-85740000 rw-p 00000000 00:00 0 
85740000-87670000 rw-p 00000000 00:00 0 
87670000-a49f0000 rw-p 00000000 00:00 0 
a49f0000-a5980000 rw-p 00000000 00:00 0 
a5980000-b4340000 rw-p 00000000 00:00 0 
b4340000-b4349000 rw-p 00000000 00:00 0 
b4349000-b4400000 rw-p 00000000 00:00 0 
b4400000-b4640000 rwxp 00000000 00:00 0 
b4640000-b7400000 rw-p 00000000 00:00 0 
b7400000-b7600000 r--p 00000000 08:01 7340159    /usr/lib/locale/locale-archive
b7600000-b7663000 rw-p 00000000 00:00 0 
b7663000-b7700000 ---p 00000000 00:00 0 
b7734000-b7737000 ---p 00000000 00:00 0 
b7737000-b7788000 rw-p 00000000 00:00 0 
b778f000-b7797000 rw-s 00000000 08:01 2490417    /tmp/hsperfdata_shane/3267
b7797000-b7798000 r--p 002c5000 08:01 7340159    /usr/lib/locale/locale-archive
b7798000-b7799000 rw-p 00000000 00:00 0 
b7799000-b779a000 r--p 00000000 00:00 0 
b779a000-b779c000 rw-p 00000000 00:00 0 
bfc79000-bfc9a000 rw-p 00000000 00:00 0          [stack]

VM Arguments:
jvm_args: -agentlib:jdwp=transport=dt_socket,suspend=y,address=localhost:33679 -Dfile.encoding=UTF-8 -Xbootclasspath:/home/shane/bin/android-sdk-linux/platforms/android-18/android.jar 
java_command: org.eclipse.jdt.internal.junit.runner.RemoteTestRunner -version 3 -port 44900 -testLoaderClass org.eclipse.jdt.internal.junit4.runner.JUnit4TestLoader -loaderpluginname org.eclipse.jdt.junit4.runtime -classNames com.shanegenschaw.cervesacountdown.TimerTest
Launcher Type: SUN_STANDARD

Environment Variables:
PATH=/home/shane/bin:/usr/lib/lightdm/lightdm:/usr/local/sbin:/usr/local/bin:/usr/sbin:/usr/bin:/sbin:/bin:/usr/games:/home/shane/bin/android-sdk-linux/platform-tools
LD_LIBRARY_PATH=/usr/lib/jvm/java-6-openjdk-i386/jre/lib/i386/server:/usr/lib/jvm/java-6-openjdk-i386/jre/lib/i386:/usr/lib/jvm/java-6-openjdk-i386/jre/../lib/i386:/usr/lib/jvm/java-6-openjdk-i386/jre/lib/i386/client:/usr/lib/jvm/java-6-openjdk-i386/jre/lib/i386:
SHELL=/bin/bash
DISPLAY=:0.0

Signal Handlers:
SIGSEGV: [libjvm.so+0x66e730], sa_mask[0]=0x7ffbfeff, sa_flags=0x10000004
SIGBUS: [libjvm.so+0x66e730], sa_mask[0]=0x7ffbfeff, sa_flags=0x10000004
SIGFPE: [libjvm.so+0x530470], sa_mask[0]=0x7ffbfeff, sa_flags=0x10000004
SIGPIPE: [libjvm.so+0x530470], sa_mask[0]=0x7ffbfeff, sa_flags=0x10000004
SIGXFSZ: [libjvm.so+0x530470], sa_mask[0]=0x7ffbfeff, sa_flags=0x10000004
SIGILL: [libjvm.so+0x530470], sa_mask[0]=0x7ffbfeff, sa_flags=0x10000004
SIGUSR1: SIG_DFL, sa_mask[0]=0x00000000, sa_flags=0x00000000
SIGUSR2: [libjvm.so+0x530300], sa_mask[0]=0x00000004, sa_flags=0x10000004
SIGHUP: SIG_DFL, sa_mask[0]=0x00000000, sa_flags=0x00000000
SIGINT: SIG_DFL, sa_mask[0]=0x00000000, sa_flags=0x00000000
SIGTERM: SIG_DFL, sa_mask[0]=0x00000000, sa_flags=0x00000000
SIGQUIT: SIG_DFL, sa_mask[0]=0x00000000, sa_flags=0x00000000


---------------  S Y S T E M  ---------------

OS:Ubuntu 12.04 (precise)
uname:Linux 3.2.0-51-generic #77-Ubuntu SMP Wed Jul 24 20:21:10 UTC 2013 i686
libc:glibc 2.15 NPTL 2.15 
rlimit: STACK 8192k, CORE 0k, NPROC 23750, NOFILE 4096, AS infinity
load average:1.16 0.99 1.07

/proc/meminfo:
MemTotal:        3060392 kB
MemFree:          207576 kB
Buffers:           56300 kB
Cached:          1298664 kB
SwapCached:            8 kB
Active:          1763324 kB
Inactive:         956428 kB
Active(anon):    1188944 kB
Inactive(anon):   373852 kB
Active(file):     574380 kB
Inactive(file):   582576 kB
Unevictable:          36 kB
Mlocked:              36 kB
HighTotal:       2198276 kB
HighFree:          33112 kB
LowTotal:         862116 kB
LowFree:          174464 kB
SwapTotal:       3105788 kB
SwapFree:        3105696 kB
Dirty:             14964 kB
Writeback:             0 kB
AnonPages:       1364928 kB
Mapped:           200340 kB
Shmem:            197888 kB
Slab:              99292 kB
SReclaimable:      54820 kB
SUnreclaim:        44472 kB
KernelStack:        4072 kB
PageTables:        13124 kB
NFS_Unstable:          0 kB
Bounce:                0 kB
WritebackTmp:          0 kB
CommitLimit:     4635984 kB
Committed_AS:    7205140 kB
VmallocTotal:     122880 kB
VmallocUsed:       18448 kB
VmallocChunk:     102968 kB
HardwareCorrupted:     0 kB
AnonHugePages:         0 kB
HugePages_Total:       0
HugePages_Free:        0
HugePages_Rsvd:        0
HugePages_Surp:        0
Hugepagesize:       4096 kB
DirectMap4k:       16376 kB
DirectMap4M:      892928 kB


CPU:total 2 (2 cores per cpu, 1 threads per core) family 6 model 23 stepping 10, cmov, cx8, fxsr, mmx, sse, sse2, sse3, ssse3, sse4.1

Memory: 4k page, physical 3060392k(207576k free), swap 3105788k(3105696k free)

vm_info: OpenJDK Server VM (20.0-b12) for linux-x86 JRE (1.6.0_27-b27), built on Jul 17 2013 13:43:50 by "buildd" with gcc 4.6.3

time: Wed Aug 21 11:24:51 2013
elapsed time: 0 seconds

