#
# A fatal error has been detected by the Java Runtime Environment:
#
#  Internal Error (classFileParser.cpp:3494), pid=3301, tid=3077643072
#  Error: ShouldNotReachHere()
#
# JRE version: 6.0_27-b27
# Java VM: OpenJDK Server VM (20.0-b12 mixed mode linux-x86 )
# Derivative: IcedTea6 1.12.6
# Distribution: Ubuntu 12.04 LTS, package 6b27-1.12.6-1ubuntu0.12.04.2
# If you would like to submit a bug report, please include
# instructions how to reproduce the bug and visit:
#   https://bugs.launchpad.net/ubuntu/+source/openjdk-6/
#

---------------  T H R E A D  ---------------

Current thread (0xb7505800):  JavaThread "Unknown thread" [_thread_in_vm, id=3307, stack(0xb76c1000,0xb7712000)]

Stack: [0xb76c1000,0xb7712000]
[error occurred during error reporting (printing stack bounds), id 0xb]


[error occurred during error reporting (printing native stack), id 0xb]


---------------  P R O C E S S  ---------------

Java Threads: ( => current thread )

Other Threads:

=>0xb7505800 (exited) JavaThread "Unknown thread" [_thread_in_vm, id=3307, stack(0xb76c1000,0xb7712000)]

VM state:not at safepoint (not fully initialized)

VM Mutex/Monitor currently owned by a thread: None

Dynamic libraries:
00110000-0012c000 r-xp 00000000 08:01 7078614    /lib/i386-linux-gnu/libgcc_s.so.1
0012c000-0012d000 r--p 0001b000 08:01 7078614    /lib/i386-linux-gnu/libgcc_s.so.1
0012d000-0012e000 rw-p 0001c000 08:01 7078614    /lib/i386-linux-gnu/libgcc_s.so.1
0012e000-00135000 r-xp 00000000 08:01 7083437    /lib/i386-linux-gnu/librt-2.15.so
00135000-00136000 r--p 00006000 08:01 7083437    /lib/i386-linux-gnu/librt-2.15.so
00136000-00137000 rw-p 00007000 08:01 7083437    /lib/i386-linux-gnu/librt-2.15.so
00137000-00142000 r-xp 00000000 08:01 7348148    /usr/lib/jvm/java-6-openjdk-i386/jre/lib/i386/libverify.so
00142000-00143000 ---p 0000b000 08:01 7348148    /usr/lib/jvm/java-6-openjdk-i386/jre/lib/i386/libverify.so
00143000-00144000 r--p 0000b000 08:01 7348148    /usr/lib/jvm/java-6-openjdk-i386/jre/lib/i386/libverify.so
00144000-00145000 rw-p 0000c000 08:01 7348148    /usr/lib/jvm/java-6-openjdk-i386/jre/lib/i386/libverify.so
00145000-0014f000 r-xp 00000000 08:01 7083438    /lib/i386-linux-gnu/libnss_nis-2.15.so
0014f000-00150000 r--p 00009000 08:01 7083438    /lib/i386-linux-gnu/libnss_nis-2.15.so
00150000-00151000 rw-p 0000a000 08:01 7083438    /lib/i386-linux-gnu/libnss_nis-2.15.so
00154000-00158000 r-xp 00000000 08:01 7348132    /usr/lib/jvm/java-6-openjdk-i386/jre/lib/i386/jli/libjli.so
00158000-00159000 r--p 00003000 08:01 7348132    /usr/lib/jvm/java-6-openjdk-i386/jre/lib/i386/jli/libjli.so
00159000-0015a000 rw-p 00004000 08:01 7348132    /usr/lib/jvm/java-6-openjdk-i386/jre/lib/i386/jli/libjli.so
0015a000-00232000 r-xp 00000000 08:01 7340385    /usr/lib/i386-linux-gnu/libstdc++.so.6.0.16
00232000-00233000 ---p 000d8000 08:01 7340385    /usr/lib/i386-linux-gnu/libstdc++.so.6.0.16
00233000-00237000 r--p 000d8000 08:01 7340385    /usr/lib/i386-linux-gnu/libstdc++.so.6.0.16
00237000-00238000 rw-p 000dc000 08:01 7340385    /usr/lib/i386-linux-gnu/libstdc++.so.6.0.16
00238000-0023f000 rw-p 00000000 00:00 0 
0023f000-00265000 r-xp 00000000 08:01 7347855    /usr/lib/jvm/java-6-openjdk-i386/jre/lib/i386/libjava.so
00265000-00266000 r--p 00025000 08:01 7347855    /usr/lib/jvm/java-6-openjdk-i386/jre/lib/i386/libjava.so
00266000-00268000 rw-p 00026000 08:01 7347855    /usr/lib/jvm/java-6-openjdk-i386/jre/lib/i386/libjava.so
00280000-00423000 r-xp 00000000 08:01 7077995    /lib/i386-linux-gnu/libc-2.15.so
00423000-00425000 r--p 001a3000 08:01 7077995    /lib/i386-linux-gnu/libc-2.15.so
00425000-00426000 rw-p 001a5000 08:01 7077995    /lib/i386-linux-gnu/libc-2.15.so
00426000-00429000 rw-p 00000000 00:00 0 
00429000-0043f000 r-xp 00000000 08:01 7083450    /lib/i386-linux-gnu/libnsl-2.15.so
0043f000-00440000 r--p 00015000 08:01 7083450    /lib/i386-linux-gnu/libnsl-2.15.so
00440000-00441000 rw-p 00016000 08:01 7083450    /lib/i386-linux-gnu/libnsl-2.15.so
00441000-00443000 rw-p 00000000 00:00 0 
00705000-00706000 r-xp 00000000 00:00 0          [vdso]
007b4000-007bf000 r-xp 00000000 08:01 7082977    /lib/i386-linux-gnu/libnss_files-2.15.so
007bf000-007c0000 r--p 0000a000 08:01 7082977    /lib/i386-linux-gnu/libnss_files-2.15.so
007c0000-007c1000 rw-p 0000b000 08:01 7082977    /lib/i386-linux-gnu/libnss_files-2.15.so
00847000-0085b000 r-xp 00000000 08:01 7078600    /lib/i386-linux-gnu/libz.so.1.2.3.4
0085b000-0085c000 r--p 00013000 08:01 7078600    /lib/i386-linux-gnu/libz.so.1.2.3.4
0085c000-0085d000 rw-p 00014000 08:01 7078600    /lib/i386-linux-gnu/libz.so.1.2.3.4
00a2d000-00a34000 r-xp 00000000 08:01 7081907    /lib/i386-linux-gnu/libnss_compat-2.15.so
00a34000-00a35000 r--p 00006000 08:01 7081907    /lib/i386-linux-gnu/libnss_compat-2.15.so
00a35000-00a36000 rw-p 00007000 08:01 7081907    /lib/i386-linux-gnu/libnss_compat-2.15.so
00a59000-00a79000 r-xp 00000000 08:01 7083442    /lib/i386-linux-gnu/ld-2.15.so
00a79000-00a7a000 r--p 0001f000 08:01 7083442    /lib/i386-linux-gnu/ld-2.15.so
00a7a000-00a7b000 rw-p 00020000 08:01 7083442    /lib/i386-linux-gnu/ld-2.15.so
00a9c000-00aa3000 r-xp 00000000 08:01 7348133    /usr/lib/jvm/java-6-openjdk-i386/jre/lib/i386/libzip.so
00aa3000-00aa4000 r--p 00006000 08:01 7348133    /usr/lib/jvm/java-6-openjdk-i386/jre/lib/i386/libzip.so
00aa4000-00aa5000 rw-p 00007000 08:01 7348133    /usr/lib/jvm/java-6-openjdk-i386/jre/lib/i386/libzip.so
00afb000-00afe000 r-xp 00000000 08:01 7083445    /lib/i386-linux-gnu/libdl-2.15.so
00afe000-00aff000 r--p 00002000 08:01 7083445    /lib/i386-linux-gnu/libdl-2.15.so
00aff000-00b00000 rw-p 00003000 08:01 7083445    /lib/i386-linux-gnu/libdl-2.15.so
00d7a000-00da4000 r-xp 00000000 08:01 7083441    /lib/i386-linux-gnu/libm-2.15.so
00da4000-00da5000 r--p 00029000 08:01 7083441    /lib/i386-linux-gnu/libm-2.15.so
00da5000-00da6000 rw-p 0002a000 08:01 7083441    /lib/i386-linux-gnu/libm-2.15.so
00dc5000-00ddc000 r-xp 00000000 08:01 7083439    /lib/i386-linux-gnu/libpthread-2.15.so
00ddc000-00ddd000 r--p 00016000 08:01 7083439    /lib/i386-linux-gnu/libpthread-2.15.so
00ddd000-00dde000 rw-p 00017000 08:01 7083439    /lib/i386-linux-gnu/libpthread-2.15.so
00dde000-00de0000 rw-p 00000000 00:00 0 
00de0000-01600000 r-xp 00000000 08:01 7347801    /usr/lib/jvm/java-6-openjdk-i386/jre/lib/i386/server/libjvm.so
01600000-01645000 r--p 0081f000 08:01 7347801    /usr/lib/jvm/java-6-openjdk-i386/jre/lib/i386/server/libjvm.so
01645000-01654000 rw-p 00864000 08:01 7347801    /usr/lib/jvm/java-6-openjdk-i386/jre/lib/i386/server/libjvm.so
01654000-01a6e000 rw-p 00000000 00:00 0 
08048000-08051000 r-xp 00000000 08:01 7341770    /usr/lib/jvm/java-6-openjdk-i386/jre/bin/java
08051000-08052000 r--p 00008000 08:01 7341770    /usr/lib/jvm/java-6-openjdk-i386/jre/bin/java
08052000-08053000 rw-p 00009000 08:01 7341770    /usr/lib/jvm/java-6-openjdk-i386/jre/bin/java
08298000-082b9000 rw-p 00000000 00:00 0          [heap]
7d200000-7d221000 rw-p 00000000 00:00 0 
7d221000-7d300000 ---p 00000000 00:00 0 
7d336000-7d400000 r--s 011ad000 00:14 8670984    /home/shane/bin/android-sdk-linux/platforms/android-18/android.jar
7d400000-7d421000 rw-p 00000000 00:00 0 
7d421000-7d500000 ---p 00000000 00:00 0 
7d50d000-7d50e000 ---p 00000000 00:00 0 
7d50e000-7d58e000 rw-p 00000000 00:00 0 
7d58e000-7d58f000 ---p 00000000 00:00 0 
7d58f000-7d617000 rw-p 00000000 00:00 0 
7d617000-7d64f000 rw-p 00000000 00:00 0 
7d64f000-7d65f000 rw-p 00000000 00:00 0 
7d65f000-7d749000 rw-p 00000000 00:00 0 
7d749000-7d751000 rw-p 00000000 00:00 0 
7d751000-7d789000 rw-p 00000000 00:00 0 
7d789000-7d799000 rw-p 00000000 00:00 0 
7d799000-7d882000 rw-p 00000000 00:00 0 
7d882000-7d88b000 rw-p 00000000 00:00 0 
7d88b000-7d8ff000 rw-p 00000000 00:00 0 
7d8ff000-7e900000 rw-p 00000000 00:00 0 
7e900000-85900000 rw-p 00000000 00:00 0 
85900000-87830000 rw-p 00000000 00:00 0 
87830000-a4bb0000 rw-p 00000000 00:00 0 
a4bb0000-a5b40000 rw-p 00000000 00:00 0 
a5b40000-b4500000 rw-p 00000000 00:00 0 
b4500000-b4740000 rwxp 00000000 00:00 0 
b4740000-b7562000 rw-p 00000000 00:00 0 
b7562000-b7600000 ---p 00000000 00:00 0 
b7601000-b760a000 rw-p 00000000 00:00 0 
b760a000-b76c1000 rw-p 00000000 00:00 0 
b76c1000-b76c4000 ---p 00000000 00:00 0 
b76c4000-b7715000 rw-p 00000000 00:00 0 
b771d000-b7725000 rw-s 00000000 08:01 2490417    /tmp/hsperfdata_shane/3301
b7725000-b7726000 rw-p 00000000 00:00 0 
b7726000-b7727000 r--p 00000000 00:00 0 
b7727000-b7729000 rw-p 00000000 00:00 0 
bf8cf000-bf8f0000 rw-p 00000000 00:00 0          [stack]

VM Arguments:
jvm_args: -Dfile.encoding=UTF-8 -Xbootclasspath:/home/shane/bin/android-sdk-linux/platforms/android-18/android.jar 
java_command: org.eclipse.jdt.internal.junit.runner.RemoteTestRunner -version 3 -port 49544 -testLoaderClass org.eclipse.jdt.internal.junit4.runner.JUnit4TestLoader -loaderpluginname org.eclipse.jdt.junit4.runtime -classNames com.shanegenschaw.cervesacountdown.TimerTest
Launcher Type: SUN_STANDARD

Environment Variables:
PATH=/home/shane/bin:/usr/lib/lightdm/lightdm:/usr/local/sbin:/usr/local/bin:/usr/sbin:/usr/bin:/sbin:/bin:/usr/games:/home/shane/bin/android-sdk-linux/platform-tools
LD_LIBRARY_PATH=/usr/lib/jvm/java-6-openjdk-i386/jre/lib/i386/server:/usr/lib/jvm/java-6-openjdk-i386/jre/lib/i386:/usr/lib/jvm/java-6-openjdk-i386/jre/../lib/i386:/usr/lib/jvm/java-6-openjdk-i386/jre/lib/i386/client:/usr/lib/jvm/java-6-openjdk-i386/jre/lib/i386:
SHELL=/bin/bash
DISPLAY=:0.0

Signal Handlers:
SIGSEGV: [libjvm.so+0x66e730], sa_mask[0]=0x7ffbfeff, sa_flags=0x10000004
SIGBUS: [libjvm.so+0x66e730], sa_mask[0]=0x7ffbfeff, sa_flags=0x10000004
SIGFPE: [libjvm.so+0x530470], sa_mask[0]=0x7ffbfeff, sa_flags=0x10000004
SIGPIPE: [libjvm.so+0x530470], sa_mask[0]=0x7ffbfeff, sa_flags=0x10000004
SIGXFSZ: [libjvm.so+0x530470], sa_mask[0]=0x7ffbfeff, sa_flags=0x10000004
SIGILL: [libjvm.so+0x530470], sa_mask[0]=0x7ffbfeff, sa_flags=0x10000004
SIGUSR1: SIG_DFL, sa_mask[0]=0x00000000, sa_flags=0x00000000
SIGUSR2: [libjvm.so+0x530300], sa_mask[0]=0x00000004, sa_flags=0x10000004
SIGHUP: SIG_DFL, sa_mask[0]=0x00000000, sa_flags=0x00000000
SIGINT: SIG_DFL, sa_mask[0]=0x00000000, sa_flags=0x00000000
SIGTERM: SIG_DFL, sa_mask[0]=0x00000000, sa_flags=0x00000000
SIGQUIT: SIG_DFL, sa_mask[0]=0x00000000, sa_flags=0x00000000


---------------  S Y S T E M  ---------------

OS:Ubuntu 12.04 (precise)
uname:Linux 3.2.0-51-generic #77-Ubuntu SMP Wed Jul 24 20:21:10 UTC 2013 i686
libc:glibc 2.15 NPTL 2.15 
rlimit: STACK 8192k, CORE 0k, NPROC 23750, NOFILE 4096, AS infinity
load average:1.31 1.03 1.08

/proc/meminfo:
MemTotal:        3060392 kB
MemFree:          167628 kB
Buffers:           59012 kB
Cached:          1323984 kB
SwapCached:            8 kB
Active:          1780608 kB
Inactive:         979116 kB
Active(anon):    1201036 kB
Inactive(anon):   376336 kB
Active(file):     579572 kB
Inactive(file):   602780 kB
Unevictable:          36 kB
Mlocked:              36 kB
HighTotal:       2198276 kB
HighFree:          27532 kB
LowTotal:         862116 kB
LowFree:          140096 kB
SwapTotal:       3105788 kB
SwapFree:        3105696 kB
Dirty:             16576 kB
Writeback:             0 kB
AnonPages:       1376924 kB
Mapped:           201948 kB
Shmem:            200520 kB
Slab:              99416 kB
SReclaimable:      54844 kB
SUnreclaim:        44572 kB
KernelStack:        4096 kB
PageTables:        13232 kB
NFS_Unstable:          0 kB
Bounce:                0 kB
WritebackTmp:          0 kB
CommitLimit:     4635984 kB
Committed_AS:    7245736 kB
VmallocTotal:     122880 kB
VmallocUsed:       18448 kB
VmallocChunk:     102968 kB
HardwareCorrupted:     0 kB
AnonHugePages:         0 kB
HugePages_Total:       0
HugePages_Free:        0
HugePages_Rsvd:        0
HugePages_Surp:        0
Hugepagesize:       4096 kB
DirectMap4k:       16376 kB
DirectMap4M:      892928 kB


CPU:total 2 (2 cores per cpu, 1 threads per core) family 6 model 23 stepping 10, cmov, cx8, fxsr, mmx, sse, sse2, sse3, ssse3, sse4.1

Memory: 4k page, physical 3060392k(167628k free), swap 3105788k(3105696k free)

vm_info: OpenJDK Server VM (20.0-b12) for linux-x86 JRE (1.6.0_27-b27), built on Jul 17 2013 13:43:50 by "buildd" with gcc 4.6.3

time: Wed Aug 21 11:25:12 2013
elapsed time: 0 seconds

